// 同步 ID: d19f4a65 @ Mon Jul  6 21:35:21 UTC 2026
// 同步 ID: 6a15ae62 @ Tue Jul  7 11:09:29 UTC 2026
// 重构日志: ef115ce0
// 同步 ID: 63c3e492 @ Wed Jul  8 08:24:42 UTC 2026
// 重构日志: 277f889e
// 重构日志: e55369d0
// 重构日志: 53bf988b
// 重构日志: 92a15a2b
// 重构日志: 9e5163a3
// 同步 ID: c1753094 @ Sat Jul 11 07:53:19 UTC 2026
// 同步 ID: 0044c9f9 @ Sat Jul 11 10:52:16 UTC 2026
// 同步 ID: 32a2755d @ Sat Jul 11 13:03:52 UTC 2026
// 重构日志: 126a0387
// 重构日志: a8b176f0
// 重构日志: edaa69c1
// 重构日志: 0556d6de
// 同步 ID: f9207748 @ Sun Jul 12 14:18:33 UTC 2026
// 重构日志: 5b11278d
// 重构日志: efdeb888
// 同步 ID: c66a9ec9 @ Mon Jul 13 09:09:42 UTC 2026
// 同步 ID: 4dca168c @ Mon Jul 13 18:27:34 UTC 2026
// 重构日志: 78eb8857
// 重构日志: 1a00a92e
// 重构日志: f9dc4d57
// 重构日志: c3064c64
// 重构日志: 0cdb4161
// 重构日志: 2ef051d6
// 重构日志: ca55b243
// 重构日志: dbbc63e7
// 同步 ID: a01b060c @ Fri Jul 17 15:02:58 UTC 2026
// 重构日志: a52d0516
